<?xml version="1.0" encoding="UTF-8"?>
<!-- Generated by org.testng.reporters.JUnitXMLReporter -->
<testsuite ignored="0" hostname="MacBook-Pro-3.local" failures="2" tests="3" name="classplus WL automation" time="115.743" errors="0" timestamp="2023-12-27T12:37:15 IST">
  <testcase classname="com.testbook.mobile.tests.login.TestBookMobileLoginTest" name="testChangeEnvironment" time="3.385">
    <failure type="java.lang.AssertionError" message="Exception occured while testing  Change Environment : An element could not be located on the page using the given search parameters.
For documentation on this error, please visit: https://www.seleniumhq.org/exceptions/no_such_element.html
Build info: version: &amp;apos;3.141.59&amp;apos;, revision: &amp;apos;e82be7d358&amp;apos;, time: &amp;apos;2018-11-14T08:17:03&amp;apos;
System info: host: &amp;apos;MacBook-Pro-3.local&amp;apos;, ip: &amp;apos;fe80:0:0:0:cfa:10ef:7680:2599%en0&amp;apos;, os.name: &amp;apos;Mac OS X&amp;apos;, os.arch: &amp;apos;aarch64&amp;apos;, os.version: &amp;apos;12.7&amp;apos;, java.version: &amp;apos;17.0.2&amp;apos;
Driver info: io.appium.java_client.AppiumDriver
Capabilities {appActivity: co.classplus.app.ui.common...., appPackage: co.classplus.app.test, autoAcceptAlerts: true, autoGrantPermissions: true, clientApiKey: 6746f86b-0d3b-4746-a042-5e9..., databaseEnabled: false, desired: {appActivity: co.classplus.app.ui.common...., appPackage: co.classplus.app.test, autoAcceptAlerts: true, autoGrantPermissions: true, clientApiKey: 6746f86b-0d3b-4746-a042-5e9..., deviceName: Galaxy, ignoreHiddenApiPolicyError: true, newCommandTimeout: 15000, platformName: android, platformVersion: 13, udid: RZ8W804C6ZR}, deviceApiLevel: 33, deviceManufacturer: samsung, deviceModel: SM-M135FU, deviceName: RZ8W804C6ZR, deviceScreenDensity: 450, deviceScreenSize: 1080x2408, deviceUDID: RZ8W804C6ZR, ignoreHiddenApiPolicyError: true, javascriptEnabled: true, locationContextEnabled: false, networkConnectionEnabled: true, newCommandTimeout: 15000, pixelRatio: 2.8125, platform: LINUX, platformName: Android, platformVersion: 13, statBarHeight: 66, takesScreenshot: true, udid: RZ8W804C6ZR, viewportRect: {height: 2141, left: 0, top: 66, width: 1080}, warnings: {}, webStorageEnabled: false}
Session ID: ad94828f-13ad-4c17-a58b-18208f2f27e4
*** Element info: {Using=id, value=bt_change_env}">
      <![CDATA[java.lang.AssertionError: Exception occured while testing  Change Environment : An element could not be located on the page using the given search parameters.
For documentation on this error, please visit: https://www.seleniumhq.org/exceptions/no_such_element.html
Build info: version: '3.141.59', revision: 'e82be7d358', time: '2018-11-14T08:17:03'
System info: host: 'MacBook-Pro-3.local', ip: 'fe80:0:0:0:cfa:10ef:7680:2599%en0', os.name: 'Mac OS X', os.arch: 'aarch64', os.version: '12.7', java.version: '17.0.2'
Driver info: io.appium.java_client.AppiumDriver
Capabilities {appActivity: co.classplus.app.ui.common...., appPackage: co.classplus.app.test, autoAcceptAlerts: true, autoGrantPermissions: true, clientApiKey: 6746f86b-0d3b-4746-a042-5e9..., databaseEnabled: false, desired: {appActivity: co.classplus.app.ui.common...., appPackage: co.classplus.app.test, autoAcceptAlerts: true, autoGrantPermissions: true, clientApiKey: 6746f86b-0d3b-4746-a042-5e9..., deviceName: Galaxy, ignoreHiddenApiPolicyError: true, newCommandTimeout: 15000, platformName: android, platformVersion: 13, udid: RZ8W804C6ZR}, deviceApiLevel: 33, deviceManufacturer: samsung, deviceModel: SM-M135FU, deviceName: RZ8W804C6ZR, deviceScreenDensity: 450, deviceScreenSize: 1080x2408, deviceUDID: RZ8W804C6ZR, ignoreHiddenApiPolicyError: true, javascriptEnabled: true, locationContextEnabled: false, networkConnectionEnabled: true, newCommandTimeout: 15000, pixelRatio: 2.8125, platform: LINUX, platformName: Android, platformVersion: 13, statBarHeight: 66, takesScreenshot: true, udid: RZ8W804C6ZR, viewportRect: {height: 2141, left: 0, top: 66, width: 1080}, warnings: {}, webStorageEnabled: false}
Session ID: ad94828f-13ad-4c17-a58b-18208f2f27e4
*** Element info: {Using=id, value=bt_change_env}
at com.testbook.mobile.tests.login.TestBookMobileLoginTest.testChangeEnvironment(TestBookMobileLoginTest.java:71)
at java.base/java.util.ArrayList.forEach(ArrayList.java:1511)
... Removed 28 stack frames]]>
    </failure>
  </testcase> <!-- testChangeEnvironment -->
  <testcase classname="com.testbook.mobile.tests.login.TestBookMobileLoginTest" name="testLoginWithValidNumber" time="33.37"/>
  <testcase classname="com.testbook.mobile.tests.login.TestBookMobileLoginTest" name="testVerifyOTP" time="50.952">
    <failure type="java.lang.AssertionError" message="Exception occured while testing Verify OTP : An element could not be located on the page using the given search parameters.
For documentation on this error, please visit: https://www.seleniumhq.org/exceptions/no_such_element.html
Build info: version: &amp;apos;3.141.59&amp;apos;, revision: &amp;apos;e82be7d358&amp;apos;, time: &amp;apos;2018-11-14T08:17:03&amp;apos;
System info: host: &amp;apos;MacBook-Pro-3.local&amp;apos;, ip: &amp;apos;fe80:0:0:0:cfa:10ef:7680:2599%en0&amp;apos;, os.name: &amp;apos;Mac OS X&amp;apos;, os.arch: &amp;apos;aarch64&amp;apos;, os.version: &amp;apos;12.7&amp;apos;, java.version: &amp;apos;17.0.2&amp;apos;
Driver info: io.appium.java_client.AppiumDriver
Capabilities {appActivity: co.classplus.app.ui.common...., appPackage: co.classplus.app.test, autoAcceptAlerts: true, autoGrantPermissions: true, clientApiKey: 6746f86b-0d3b-4746-a042-5e9..., databaseEnabled: false, desired: {appActivity: co.classplus.app.ui.common...., appPackage: co.classplus.app.test, autoAcceptAlerts: true, autoGrantPermissions: true, clientApiKey: 6746f86b-0d3b-4746-a042-5e9..., deviceName: Galaxy, ignoreHiddenApiPolicyError: true, newCommandTimeout: 15000, platformName: android, platformVersion: 13, udid: RZ8W804C6ZR}, deviceApiLevel: 33, deviceManufacturer: samsung, deviceModel: SM-M135FU, deviceName: RZ8W804C6ZR, deviceScreenDensity: 450, deviceScreenSize: 1080x2408, deviceUDID: RZ8W804C6ZR, ignoreHiddenApiPolicyError: true, javascriptEnabled: true, locationContextEnabled: false, networkConnectionEnabled: true, newCommandTimeout: 15000, pixelRatio: 2.8125, platform: LINUX, platformName: Android, platformVersion: 13, statBarHeight: 66, takesScreenshot: true, udid: RZ8W804C6ZR, viewportRect: {height: 2141, left: 0, top: 66, width: 1080}, warnings: {}, webStorageEnabled: false}
Session ID: ad94828f-13ad-4c17-a58b-18208f2f27e4
*** Element info: {Using=xpath, value=//android.widget.TextView[@text = &amp;apos;Classplus&amp;apos;]}">
      <![CDATA[java.lang.AssertionError: Exception occured while testing Verify OTP : An element could not be located on the page using the given search parameters.
For documentation on this error, please visit: https://www.seleniumhq.org/exceptions/no_such_element.html
Build info: version: '3.141.59', revision: 'e82be7d358', time: '2018-11-14T08:17:03'
System info: host: 'MacBook-Pro-3.local', ip: 'fe80:0:0:0:cfa:10ef:7680:2599%en0', os.name: 'Mac OS X', os.arch: 'aarch64', os.version: '12.7', java.version: '17.0.2'
Driver info: io.appium.java_client.AppiumDriver
Capabilities {appActivity: co.classplus.app.ui.common...., appPackage: co.classplus.app.test, autoAcceptAlerts: true, autoGrantPermissions: true, clientApiKey: 6746f86b-0d3b-4746-a042-5e9..., databaseEnabled: false, desired: {appActivity: co.classplus.app.ui.common...., appPackage: co.classplus.app.test, autoAcceptAlerts: true, autoGrantPermissions: true, clientApiKey: 6746f86b-0d3b-4746-a042-5e9..., deviceName: Galaxy, ignoreHiddenApiPolicyError: true, newCommandTimeout: 15000, platformName: android, platformVersion: 13, udid: RZ8W804C6ZR}, deviceApiLevel: 33, deviceManufacturer: samsung, deviceModel: SM-M135FU, deviceName: RZ8W804C6ZR, deviceScreenDensity: 450, deviceScreenSize: 1080x2408, deviceUDID: RZ8W804C6ZR, ignoreHiddenApiPolicyError: true, javascriptEnabled: true, locationContextEnabled: false, networkConnectionEnabled: true, newCommandTimeout: 15000, pixelRatio: 2.8125, platform: LINUX, platformName: Android, platformVersion: 13, statBarHeight: 66, takesScreenshot: true, udid: RZ8W804C6ZR, viewportRect: {height: 2141, left: 0, top: 66, width: 1080}, warnings: {}, webStorageEnabled: false}
Session ID: ad94828f-13ad-4c17-a58b-18208f2f27e4
*** Element info: {Using=xpath, value=//android.widget.TextView[@text = 'Classplus']}
at com.testbook.mobile.tests.login.TestBookMobileLoginTest.testVerifyOTP(TestBookMobileLoginTest.java:123)
at java.base/java.util.ArrayList.forEach(ArrayList.java:1511)
... Removed 28 stack frames]]>
    </failure>
  </testcase> <!-- testVerifyOTP -->
</testsuite> <!-- classplus WL automation -->
